src/metaspeak/Library/Bee/Android/Prj/Mono2x/Gradle/launcher/build/intermediates/manifest_merge_blame_file/debug/manifest-merger-blame-debug-report.txt
1<?xml version="1.0" encoding="utf-8"?>
2<manifest xmlns:android="http://schemas.android.com/apk/res/android"
3    package="com.DefaultCompany.hackharvard1"
4    android:installLocation="auto"
5    android:versionCode="1"
6    android:versionName="0.1" >
7
8    <uses-sdk
9        android:minSdkVersion="23"
9-->src/main/AndroidManifest.xml
10        android:targetSdkVersion="30" />
10-->src/main/AndroidManifest.xml
11
12    <supports-screens
12-->src/main/AndroidManifest.xml:3:3-163
13        android:anyDensity="true"
13-->src/main/AndroidManifest.xml:3:135-160
14        android:largeScreens="true"
14-->src/main/AndroidManifest.xml:3:78-105
15        android:normalScreens="true"
15-->src/main/AndroidManifest.xml:3:49-77
16        android:smallScreens="true"
16-->src/main/AndroidManifest.xml:3:21-48
17        android:xlargeScreens="true" />
17-->src/main/AndroidManifest.xml:3:106-134
18
19    <uses-feature android:glEsVersion="0x00030000" />
19-->[:unityLibrary] AndroidManifest.xml:13:5-54
19-->[:unityLibrary] AndroidManifest.xml:13:19-51
20    <uses-feature
20-->[:unityLibrary] AndroidManifest.xml:14:5-16:36
21        android:name="android.hardware.vulkan.version"
21-->[:unityLibrary] AndroidManifest.xml:15:9-55
22        android:required="false" />
22-->[:unityLibrary] AndroidManifest.xml:16:9-33
23
24    <supports-gl-texture android:name="GL_KHR_texture_compression_astc_ldr" />
24-->[:unityLibrary] AndroidManifest.xml:18:5-79
24-->[:unityLibrary] AndroidManifest.xml:18:26-76
25
26    <uses-permission android:name="android.permission.INTERNET" />
26-->[:unityLibrary] AndroidManifest.xml:20:5-67
26-->[:unityLibrary] AndroidManifest.xml:20:22-64
27    <uses-permission android:name="android.permission.ACCESS_NETWORK_STATE" />
27-->[:unityLibrary] AndroidManifest.xml:21:5-79
27-->[:unityLibrary] AndroidManifest.xml:21:22-76
28    <uses-permission android:name="android.permission.RECORD_AUDIO" />
28-->[:unityLibrary] AndroidManifest.xml:22:5-71
28-->[:unityLibrary] AndroidManifest.xml:22:22-68
29    <uses-permission android:name="android.permission.MODIFY_AUDIO_SETTINGS" />
29-->[:unityLibrary] AndroidManifest.xml:23:5-80
29-->[:unityLibrary] AndroidManifest.xml:23:22-77
30
31    <uses-feature
31-->[:unityLibrary] AndroidManifest.xml:25:5-27:36
32        android:name="android.hardware.microphone"
32-->[:unityLibrary] AndroidManifest.xml:26:9-51
33        android:required="false" />
33-->[:unityLibrary] AndroidManifest.xml:27:9-33
34    <uses-feature
34-->[:unityLibrary] AndroidManifest.xml:28:5-30:36
35        android:name="android.hardware.touchscreen"
35-->[:unityLibrary] AndroidManifest.xml:29:9-52
36        android:required="false" />
36-->[:unityLibrary] AndroidManifest.xml:30:9-33
37    <uses-feature
37-->[:unityLibrary] AndroidManifest.xml:31:5-33:36
38        android:name="android.hardware.touchscreen.multitouch"
38-->[:unityLibrary] AndroidManifest.xml:32:9-63
39        android:required="false" />
39-->[:unityLibrary] AndroidManifest.xml:33:9-33
40    <uses-feature
40-->[:unityLibrary] AndroidManifest.xml:34:5-36:36
41        android:name="android.hardware.touchscreen.multitouch.distinct"
41-->[:unityLibrary] AndroidManifest.xml:35:9-72
42        android:required="false" />
42-->[:unityLibrary] AndroidManifest.xml:36:9-33
43    <uses-feature
43-->[:unityLibrary] AndroidManifest.xml:37:5-40:31
44        android:name="android.hardware.vr.headtracking"
44-->[:unityLibrary] AndroidManifest.xml:38:9-56
45        android:required="true"
45-->[:unityLibrary] AndroidManifest.xml:39:9-32
46        android:version="1" />
46-->[:unityLibrary] AndroidManifest.xml:40:9-28
47    <uses-feature
47-->[:unityLibrary] AndroidManifest.xml:41:5-43:35
48        android:name="oculus.software.handtracking"
48-->[:unityLibrary] AndroidManifest.xml:42:9-52
49        android:required="true" />
49-->[:unityLibrary] AndroidManifest.xml:43:9-32
50
51    <uses-permission android:name="com.oculus.permission.HAND_TRACKING" />
51-->[:unityLibrary] AndroidManifest.xml:45:5-75
51-->[:unityLibrary] AndroidManifest.xml:45:22-72
52
53    <application
53-->src/main/AndroidManifest.xml:4:3-83
54        android:allowBackup="false"
54-->[:unityLibrary] AndroidManifest.xml:48:9-36
55        android:debuggable="true"
56        android:extractNativeLibs="true"
56-->[:unityLibrary] AndroidManifest.xml:49:9-41
57        android:icon="@mipmap/app_icon"
57-->src/main/AndroidManifest.xml:4:49-80
58        android:label="@string/app_name"
58-->src/main/AndroidManifest.xml:4:16-48
59        android:networkSecurityConfig="@xml/network_sec_config" >
59-->[:unityLibrary] AndroidManifest.xml:52:9-64
60        <activity
60-->[:unityLibrary] AndroidManifest.xml:53:9-77:20
61            android:name="com.unity3d.player.UnityPlayerActivity"
61-->[:unityLibrary] AndroidManifest.xml:54:13-66
62            android:configChanges="keyboard|keyboardHidden|navigation|orientation|screenLayout|screenSize|uiMode"
62-->[:unityLibrary] AndroidManifest.xml:55:13-114
63            android:hardwareAccelerated="false"
63-->[:unityLibrary] AndroidManifest.xml:56:13-48
64            android:launchMode="singleTask"
64-->[:unityLibrary] AndroidManifest.xml:57:13-44
65            android:resizeableActivity="false"
65-->[:unityLibrary] AndroidManifest.xml:58:13-47
66            android:screenOrientation="landscape"
66-->[:unityLibrary] AndroidManifest.xml:59:13-50
67            android:theme="@android:style/Theme.Black.NoTitleBar.Fullscreen" >
67-->[:unityLibrary] AndroidManifest.xml:60:13-77
68            <intent-filter>
68-->[:unityLibrary] AndroidManifest.xml:61:13-66:29
69                <action android:name="android.intent.action.MAIN" />
69-->[:unityLibrary] AndroidManifest.xml:62:17-69
69-->[:unityLibrary] AndroidManifest.xml:62:25-66
70
71                <category android:name="android.intent.category.LAUNCHER" />
71-->[:unityLibrary] AndroidManifest.xml:64:17-77
71-->[:unityLibrary] AndroidManifest.xml:64:27-74
72                <category android:name="com.oculus.intent.category.VR" />
72-->[:unityLibrary] AndroidManifest.xml:65:17-74
72-->[:unityLibrary] AndroidManifest.xml:65:27-71
73            </intent-filter>
74
75            <meta-data
75-->[:unityLibrary] AndroidManifest.xml:68:13-70:40
76                android:name="unityplayer.UnityActivity"
76-->[:unityLibrary] AndroidManifest.xml:69:17-57
77                android:value="true" />
77-->[:unityLibrary] AndroidManifest.xml:70:17-37
78            <meta-data
78-->[:unityLibrary] AndroidManifest.xml:71:13-73:40
79                android:name="android.notch_support"
79-->[:unityLibrary] AndroidManifest.xml:72:17-53
80                android:value="true" />
80-->[:unityLibrary] AndroidManifest.xml:73:17-37
81            <meta-data
81-->[:unityLibrary] AndroidManifest.xml:74:13-76:40
82                android:name="com.oculus.vr.focusaware"
82-->[:unityLibrary] AndroidManifest.xml:75:17-56
83                android:value="true" />
83-->[:unityLibrary] AndroidManifest.xml:76:17-37
84        </activity>
85
86        <meta-data
86-->[:unityLibrary] AndroidManifest.xml:79:9-81:33
87            android:name="unity.splash-mode"
87-->[:unityLibrary] AndroidManifest.xml:80:13-45
88            android:value="0" />
88-->[:unityLibrary] AndroidManifest.xml:81:13-30
89        <meta-data
89-->[:unityLibrary] AndroidManifest.xml:82:9-84:36
90            android:name="unity.splash-enable"
90-->[:unityLibrary] AndroidManifest.xml:83:13-47
91            android:value="True" />
91-->[:unityLibrary] AndroidManifest.xml:84:13-33
92        <meta-data
92-->[:unityLibrary] AndroidManifest.xml:85:9-87:36
93            android:name="unity.launch-fullscreen"
93-->[:unityLibrary] AndroidManifest.xml:86:13-51
94            android:value="True" />
94-->[:unityLibrary] AndroidManifest.xml:87:13-33
95        <meta-data
95-->[:unityLibrary] AndroidManifest.xml:88:9-90:37
96            android:name="unity.allow-resizable-window"
96-->[:unityLibrary] AndroidManifest.xml:89:13-56
97            android:value="False" />
97-->[:unityLibrary] AndroidManifest.xml:90:13-34
98        <meta-data
98-->[:unityLibrary] AndroidManifest.xml:91:9-93:50
99            android:name="notch.config"
99-->[:unityLibrary] AndroidManifest.xml:92:13-40
100            android:value="portrait|landscape" />
100-->[:unityLibrary] AndroidManifest.xml:93:13-47
101        <meta-data
101-->[:unityLibrary] AndroidManifest.xml:94:9-96:36
102            android:name="com.oculus.handtracking.frequency"
102-->[:unityLibrary] AndroidManifest.xml:95:13-61
103            android:value="HIGH" />
103-->[:unityLibrary] AndroidManifest.xml:96:13-33
104        <meta-data
104-->[:unityLibrary] AndroidManifest.xml:97:9-99:36
105            android:name="com.oculus.handtracking.version"
105-->[:unityLibrary] AndroidManifest.xml:98:13-59
106            android:value="V2.0" />
106-->[:unityLibrary] AndroidManifest.xml:99:13-33
107        <meta-data
107-->[:unityLibrary] AndroidManifest.xml:100:9-102:39
108            android:name="com.samsung.android.vr.application.mode"
108-->[:unityLibrary] AndroidManifest.xml:101:13-67
109            android:value="vr_only" />
109-->[:unityLibrary] AndroidManifest.xml:102:13-36
110        <meta-data
110-->[:unityLibrary] AndroidManifest.xml:103:9-105:36
111            android:name="com.unity.xr.oculus.LowOverheadMode"
111-->[:unityLibrary] AndroidManifest.xml:104:13-63
112            android:value="true" />
112-->[:unityLibrary] AndroidManifest.xml:105:13-33
113        <meta-data
113-->[:unityLibrary] AndroidManifest.xml:106:9-108:37
114            android:name="com.unity.xr.oculus.LateLatching"
114-->[:unityLibrary] AndroidManifest.xml:107:13-60
115            android:value="false" />
115-->[:unityLibrary] AndroidManifest.xml:108:13-34
116        <meta-data
116-->[:unityLibrary] AndroidManifest.xml:109:9-111:37
117            android:name="com.unity.xr.oculus.LateLatchingDebug"
117-->[:unityLibrary] AndroidManifest.xml:110:13-65
118            android:value="false" />
118-->[:unityLibrary] AndroidManifest.xml:111:13-34
119        <meta-data
119-->[:unityLibrary] AndroidManifest.xml:112:9-114:38
120            android:name="com.oculus.supportedDevices"
120-->[:unityLibrary] AndroidManifest.xml:113:13-55
121            android:value="quest2" />
121-->[:unityLibrary] AndroidManifest.xml:114:13-35
122    </application>
123
124</manifest>